#! /usr/bin/vvp
:ivl_version "11.0 (stable)";
:ivl_delay_selection "TYPICAL";
:vpi_time_precision + 0;
:vpi_module "/usr/lib/x86_64-linux-gnu/ivl/system.vpi";
:vpi_module "/usr/lib/x86_64-linux-gnu/ivl/vhdl_sys.vpi";
:vpi_module "/usr/lib/x86_64-linux-gnu/ivl/vhdl_textio.vpi";
:vpi_module "/usr/lib/x86_64-linux-gnu/ivl/v2005_math.vpi";
:vpi_module "/usr/lib/x86_64-linux-gnu/ivl/va_math.vpi";
S_0x58ce6bd9d2f0 .scope module, "rtl_tb" "rtl_tb" 2 1;
 .timescale 0 0;
P_0x58ce6bdb0810 .param/l "timeperiod" 0 2 7, +C4<00000000000000000000000000001010>;
v0x58ce6bdc3fd0_0 .var "clk", 0 0;
v0x58ce6bdc4090_0 .net "out", 7 0, v0x58ce6bdc3990_0;  1 drivers
v0x58ce6bdc4160_0 .var "rst", 0 0;
S_0x58ce6bdb08b0 .scope module, "DUT" "rtl" 2 5, 3 1 0, S_0x58ce6bd9d2f0;
 .timescale 0 0;
    .port_info 0 /INPUT 1 "clk";
    .port_info 1 /INPUT 1 "rst";
    .port_info 2 /OUTPUT 8 "out";
v0x58ce6bd777b0_0 .net "clk", 0 0, v0x58ce6bdc3fd0_0;  1 drivers
v0x58ce6bdc3990_0 .var "out", 7 0;
v0x58ce6bdc3a70_0 .var "q", 7 0;
v0x58ce6bdc3b60_0 .var "q_prev_state", 7 0;
v0x58ce6bdc3c40_0 .net "rst", 0 0, v0x58ce6bdc4160_0;  1 drivers
E_0x58ce6bdaecd0 .event posedge, v0x58ce6bd777b0_0;
S_0x58ce6bdc3dd0 .scope task, "reset" "reset" 2 17, 2 17 0, S_0x58ce6bd9d2f0;
 .timescale 0 0;
E_0x58ce6bdaee70 .event negedge, v0x58ce6bd777b0_0;
TD_rtl_tb.reset ;
    %wait E_0x58ce6bdaee70;
    %pushi/vec4 1, 0, 1;
    %store/vec4 v0x58ce6bdc4160_0, 0, 1;
    %wait E_0x58ce6bdaee70;
    %pushi/vec4 0, 0, 1;
    %store/vec4 v0x58ce6bdc4160_0, 0, 1;
    %end;
    .scope S_0x58ce6bdb08b0;
T_1 ;
    %wait E_0x58ce6bdaecd0;
    %load/vec4 v0x58ce6bdc3c40_0;
    %flag_set/vec4 8;
    %jmp/0xz  T_1.0, 8;
    %pushi/vec4 1, 0, 8;
    %assign/vec4 v0x58ce6bdc3a70_0, 0;
    %pushi/vec4 1, 0, 8;
    %assign/vec4 v0x58ce6bdc3b60_0, 0;
    %pushi/vec4 1, 0, 8;
    %assign/vec4 v0x58ce6bdc3990_0, 0;
    %jmp T_1.1;
T_1.0 ;
    %load/vec4 v0x58ce6bdc3a70_0;
    %load/vec4 v0x58ce6bdc3b60_0;
    %add;
    %assign/vec4 v0x58ce6bdc3990_0, 0;
    %load/vec4 v0x58ce6bdc3a70_0;
    %assign/vec4 v0x58ce6bdc3b60_0, 0;
    %load/vec4 v0x58ce6bdc3a70_0;
    %load/vec4 v0x58ce6bdc3b60_0;
    %add;
    %assign/vec4 v0x58ce6bdc3a70_0, 0;
T_1.1 ;
    %jmp T_1;
    .thread T_1;
    .scope S_0x58ce6bd9d2f0;
T_2 ;
    %pushi/vec4 0, 0, 1;
    %store/vec4 v0x58ce6bdc3fd0_0, 0, 1;
    %delay 5, 0;
    %pushi/vec4 1, 0, 1;
    %store/vec4 v0x58ce6bdc3fd0_0, 0, 1;
    %delay 5, 0;
    %jmp T_2;
    .thread T_2;
    .scope S_0x58ce6bd9d2f0;
T_3 ;
    %fork TD_rtl_tb.reset, S_0x58ce6bdc3dd0;
    %join;
    %delay 200, 0;
    %vpi_call 2 30 "$finish" {0 0 0};
    %end;
    .thread T_3;
    .scope S_0x58ce6bd9d2f0;
T_4 ;
    %vpi_call 2 34 "$dumpfile", "waveform.vcd" {0 0 0};
    %vpi_call 2 35 "$dumpvars", 32'sb00000000000000000000000000000000, S_0x58ce6bd9d2f0 {0 0 0};
    %end;
    .thread T_4;
# The file index is used to find the file name in the following table.
:file_names 4;
    "N/A";
    "<interactive>";
    "rtl_tb.v";
    "rtl.v";
