#! /usr/bin/vvp
:ivl_version "11.0 (stable)";
:ivl_delay_selection "TYPICAL";
:vpi_time_precision + 0;
:vpi_module "/usr/lib/x86_64-linux-gnu/ivl/system.vpi";
:vpi_module "/usr/lib/x86_64-linux-gnu/ivl/vhdl_sys.vpi";
:vpi_module "/usr/lib/x86_64-linux-gnu/ivl/vhdl_textio.vpi";
:vpi_module "/usr/lib/x86_64-linux-gnu/ivl/v2005_math.vpi";
:vpi_module "/usr/lib/x86_64-linux-gnu/ivl/va_math.vpi";
S_0x57a5767d13d0 .scope module, "rtl_tb" "rtl_tb" 2 1;
 .timescale 0 0;
P_0x57a5767e50e0 .param/l "timeperiod" 0 2 5, +C4<00000000000000000000000000001010>;
v0x57a5767f9640_0 .var "clk", 0 0;
v0x57a5767f96e0_0 .net "out", 0 0, L_0x57a5767ce8c0;  1 drivers
v0x57a5767f97b0_0 .var "rst", 0 0;
S_0x57a5767e5180 .scope module, "DUT" "rtl" 2 7, 3 1 0, S_0x57a5767d13d0;
 .timescale 0 0;
    .port_info 0 /INPUT 1 "rst";
    .port_info 1 /INPUT 1 "clk";
    .port_info 2 /OUTPUT 1 "out";
L_0x57a5767ce8c0 .functor AND 1, v0x57a5767f9320_0, v0x57a5767f9150_0, C4<1>, C4<1>;
v0x57a5767aaba0_0 .net "clk", 0 0, v0x57a5767f9640_0;  1 drivers
v0x57a5767cecc0_0 .var "count", 1 0;
v0x57a5767f90b0_0 .net "out", 0 0, L_0x57a5767ce8c0;  alias, 1 drivers
v0x57a5767f9150_0 .var "q", 0 0;
v0x57a5767f9210_0 .net "rst", 0 0, v0x57a5767f97b0_0;  1 drivers
v0x57a5767f9320_0 .var "x", 0 0;
E_0x57a5767e1cf0 .event negedge, v0x57a5767aaba0_0;
E_0x57a5767a95e0 .event posedge, v0x57a5767aaba0_0;
S_0x57a5767f9460 .scope task, "reset" "reset" 2 17, 2 17 0, S_0x57a5767d13d0;
 .timescale 0 0;
TD_rtl_tb.reset ;
    %wait E_0x57a5767e1cf0;
    %pushi/vec4 1, 0, 1;
    %store/vec4 v0x57a5767f97b0_0, 0, 1;
    %wait E_0x57a5767e1cf0;
    %pushi/vec4 0, 0, 1;
    %store/vec4 v0x57a5767f97b0_0, 0, 1;
    %end;
    .scope S_0x57a5767e5180;
T_1 ;
    %wait E_0x57a5767a95e0;
    %load/vec4 v0x57a5767f9210_0;
    %flag_set/vec4 8;
    %jmp/0xz  T_1.0, 8;
    %pushi/vec4 0, 0, 1;
    %assign/vec4 v0x57a5767f9150_0, 0;
    %pushi/vec4 0, 0, 2;
    %assign/vec4 v0x57a5767cecc0_0, 0;
    %jmp T_1.1;
T_1.0 ;
    %load/vec4 v0x57a5767cecc0_0;
    %cmpi/e 0, 0, 2;
    %jmp/0xz  T_1.2, 4;
    %pushi/vec4 0, 0, 1;
    %assign/vec4 v0x57a5767f9150_0, 0;
    %load/vec4 v0x57a5767cecc0_0;
    %addi 1, 0, 2;
    %assign/vec4 v0x57a5767cecc0_0, 0;
    %jmp T_1.3;
T_1.2 ;
    %load/vec4 v0x57a5767cecc0_0;
    %cmpi/e 1, 0, 2;
    %jmp/0xz  T_1.4, 4;
    %pushi/vec4 1, 0, 1;
    %assign/vec4 v0x57a5767f9150_0, 0;
    %load/vec4 v0x57a5767cecc0_0;
    %addi 1, 0, 2;
    %assign/vec4 v0x57a5767cecc0_0, 0;
    %jmp T_1.5;
T_1.4 ;
    %pushi/vec4 1, 0, 1;
    %assign/vec4 v0x57a5767f9150_0, 0;
    %pushi/vec4 0, 0, 2;
    %assign/vec4 v0x57a5767cecc0_0, 0;
T_1.5 ;
T_1.3 ;
T_1.1 ;
    %jmp T_1;
    .thread T_1;
    .scope S_0x57a5767e5180;
T_2 ;
    %wait E_0x57a5767e1cf0;
    %load/vec4 v0x57a5767f9210_0;
    %flag_set/vec4 8;
    %jmp/0xz  T_2.0, 8;
    %pushi/vec4 0, 0, 1;
    %assign/vec4 v0x57a5767f9320_0, 0;
    %jmp T_2.1;
T_2.0 ;
    %load/vec4 v0x57a5767f9150_0;
    %assign/vec4 v0x57a5767f9320_0, 0;
T_2.1 ;
    %jmp T_2;
    .thread T_2;
    .scope S_0x57a5767d13d0;
T_3 ;
    %pushi/vec4 0, 0, 1;
    %store/vec4 v0x57a5767f9640_0, 0, 1;
    %delay 5, 0;
    %pushi/vec4 1, 0, 1;
    %store/vec4 v0x57a5767f9640_0, 0, 1;
    %delay 5, 0;
    %jmp T_3;
    .thread T_3;
    .scope S_0x57a5767d13d0;
T_4 ;
    %fork TD_rtl_tb.reset, S_0x57a5767f9460;
    %join;
    %delay 100, 0;
    %vpi_call 2 30 "$finish" {0 0 0};
    %end;
    .thread T_4;
    .scope S_0x57a5767d13d0;
T_5 ;
    %vpi_call 2 35 "$dumpfile", "waveform.vcd" {0 0 0};
    %vpi_call 2 36 "$dumpvars", 32'sb00000000000000000000000000000000, S_0x57a5767d13d0 {0 0 0};
    %end;
    .thread T_5;
# The file index is used to find the file name in the following table.
:file_names 4;
    "N/A";
    "<interactive>";
    "rtl_tb.v";
    "rtl.v";
