#! /usr/bin/vvp
:ivl_version "11.0 (stable)";
:ivl_delay_selection "TYPICAL";
:vpi_time_precision + 0;
:vpi_module "/usr/lib/x86_64-linux-gnu/ivl/system.vpi";
:vpi_module "/usr/lib/x86_64-linux-gnu/ivl/vhdl_sys.vpi";
:vpi_module "/usr/lib/x86_64-linux-gnu/ivl/vhdl_textio.vpi";
:vpi_module "/usr/lib/x86_64-linux-gnu/ivl/v2005_math.vpi";
:vpi_module "/usr/lib/x86_64-linux-gnu/ivl/va_math.vpi";
S_0x633b2bbf8750 .scope module, "rtl_tb" "rtl_tb" 2 1;
 .timescale 0 0;
v0x633b2bc210d0_0 .var "a", 1 0;
v0x633b2bc21190_0 .var "b", 1 0;
v0x633b2bc21230_0 .var/i "i", 31 0;
v0x633b2bc212d0_0 .var/i "j", 31 0;
v0x633b2bc213b0_0 .net "out", 3 0, L_0x633b2bc22100;  1 drivers
S_0x633b2bbf3b60 .scope module, "DUT" "rtl" 2 7, 3 1 0, S_0x633b2bbf8750;
 .timescale 0 0;
    .port_info 0 /INPUT 2 "a";
    .port_info 1 /INPUT 2 "b";
    .port_info 2 /OUTPUT 4 "out";
L_0x633b2bc22090 .functor AND 1, L_0x633b2bc21dc0, L_0x633b2bc21ef0, C4<1>, C4<1>;
L_0x633b2bc223d0 .functor AND 1, L_0x633b2bc22240, L_0x633b2bc22330, C4<1>, C4<1>;
L_0x633b2bc225e0 .functor NOT 1, L_0x633b2bc224e0, C4<0>, C4<0>, C4<0>;
L_0x633b2bc22650 .functor AND 1, L_0x633b2bc223d0, L_0x633b2bc225e0, C4<1>, C4<1>;
v0x633b2bc203f0_0 .net *"_ivl_15", 0 0, L_0x633b2bc21dc0;  1 drivers
v0x633b2bc204f0_0 .net *"_ivl_17", 0 0, L_0x633b2bc21ef0;  1 drivers
v0x633b2bc205d0_0 .net *"_ivl_18", 0 0, L_0x633b2bc22090;  1 drivers
v0x633b2bc20690_0 .net *"_ivl_24", 0 0, L_0x633b2bc22240;  1 drivers
v0x633b2bc20770_0 .net *"_ivl_26", 0 0, L_0x633b2bc22330;  1 drivers
v0x633b2bc208a0_0 .net *"_ivl_27", 0 0, L_0x633b2bc223d0;  1 drivers
v0x633b2bc20980_0 .net *"_ivl_30", 0 0, L_0x633b2bc224e0;  1 drivers
v0x633b2bc20a60_0 .net *"_ivl_31", 0 0, L_0x633b2bc225e0;  1 drivers
v0x633b2bc20b40_0 .net *"_ivl_33", 0 0, L_0x633b2bc22650;  1 drivers
v0x633b2bc20c20_0 .net "a", 1 0, v0x633b2bc210d0_0;  1 drivers
v0x633b2bc20d00_0 .net "b", 1 0, v0x633b2bc21190_0;  1 drivers
v0x633b2bc20de0_0 .net "out", 3 0, L_0x633b2bc22100;  alias, 1 drivers
v0x633b2bc20ec0_0 .net "w1", 0 0, L_0x633b2bc215c0;  1 drivers
v0x633b2bc20f60_0 .net "w2", 0 0, L_0x633b2bc21940;  1 drivers
L_0x633b2bc216d0 .part v0x633b2bc210d0_0, 1, 1;
L_0x633b2bc217c0 .part v0x633b2bc21190_0, 0, 1;
L_0x633b2bc21a50 .part v0x633b2bc210d0_0, 0, 1;
L_0x633b2bc21af0 .part v0x633b2bc21190_0, 1, 1;
L_0x633b2bc21dc0 .part v0x633b2bc21190_0, 0, 1;
L_0x633b2bc21ef0 .part v0x633b2bc210d0_0, 0, 1;
L_0x633b2bc22100 .concat8 [ 1 1 1 1], L_0x633b2bc22090, L_0x633b2bc21bc0, L_0x633b2bc22650, L_0x633b2bc21d50;
L_0x633b2bc22240 .part v0x633b2bc210d0_0, 1, 1;
L_0x633b2bc22330 .part v0x633b2bc21190_0, 1, 1;
L_0x633b2bc224e0 .part L_0x633b2bc22100, 0, 1;
S_0x633b2bbf29f0 .scope module, "HA1" "halfadder" 3 7, 4 1 0, S_0x633b2bbf3b60;
 .timescale 0 0;
    .port_info 0 /INPUT 1 "a";
    .port_info 1 /INPUT 1 "b";
    .port_info 2 /OUTPUT 1 "sum";
    .port_info 3 /OUTPUT 1 "carry";
L_0x633b2bc214c0 .functor XOR 1, L_0x633b2bc216d0, L_0x633b2bc217c0, C4<0>, C4<0>;
L_0x633b2bc215c0 .functor AND 1, L_0x633b2bc216d0, L_0x633b2bc217c0, C4<1>, C4<1>;
v0x633b2bc039e0_0 .net "a", 0 0, L_0x633b2bc216d0;  1 drivers
v0x633b2bc1f560_0 .net "b", 0 0, L_0x633b2bc217c0;  1 drivers
v0x633b2bc1f620_0 .net "carry", 0 0, L_0x633b2bc215c0;  alias, 1 drivers
v0x633b2bc1f6c0_0 .net "sum", 0 0, L_0x633b2bc214c0;  1 drivers
S_0x633b2bc1f800 .scope module, "HA2" "halfadder" 3 8, 4 1 0, S_0x633b2bbf3b60;
 .timescale 0 0;
    .port_info 0 /INPUT 1 "a";
    .port_info 1 /INPUT 1 "b";
    .port_info 2 /OUTPUT 1 "sum";
    .port_info 3 /OUTPUT 1 "carry";
L_0x633b2bc218b0 .functor XOR 1, L_0x633b2bc21a50, L_0x633b2bc21af0, C4<0>, C4<0>;
L_0x633b2bc21940 .functor AND 1, L_0x633b2bc21a50, L_0x633b2bc21af0, C4<1>, C4<1>;
v0x633b2bc1fa70_0 .net "a", 0 0, L_0x633b2bc21a50;  1 drivers
v0x633b2bc1fb30_0 .net "b", 0 0, L_0x633b2bc21af0;  1 drivers
v0x633b2bc1fbf0_0 .net "carry", 0 0, L_0x633b2bc21940;  alias, 1 drivers
v0x633b2bc1fc90_0 .net "sum", 0 0, L_0x633b2bc218b0;  1 drivers
S_0x633b2bc1fdd0 .scope module, "HA3" "halfadder" 3 10, 4 1 0, S_0x633b2bbf3b60;
 .timescale 0 0;
    .port_info 0 /INPUT 1 "a";
    .port_info 1 /INPUT 1 "b";
    .port_info 2 /OUTPUT 1 "sum";
    .port_info 3 /OUTPUT 1 "carry";
L_0x633b2bc21bc0 .functor XOR 1, L_0x633b2bc215c0, L_0x633b2bc21940, C4<0>, C4<0>;
L_0x633b2bc21d50 .functor AND 1, L_0x633b2bc215c0, L_0x633b2bc21940, C4<1>, C4<1>;
v0x633b2bc20050_0 .net "a", 0 0, L_0x633b2bc215c0;  alias, 1 drivers
v0x633b2bc20120_0 .net "b", 0 0, L_0x633b2bc21940;  alias, 1 drivers
v0x633b2bc201f0_0 .net "carry", 0 0, L_0x633b2bc21d50;  1 drivers
v0x633b2bc202c0_0 .net "sum", 0 0, L_0x633b2bc21bc0;  1 drivers
    .scope S_0x633b2bbf8750;
T_0 ;
    %pushi/vec4 0, 0, 32;
    %store/vec4 v0x633b2bc21230_0, 0, 32;
T_0.0 ;
    %load/vec4 v0x633b2bc21230_0;
    %cmpi/s 4, 0, 32;
    %jmp/0xz T_0.1, 5;
    %pushi/vec4 0, 0, 32;
    %store/vec4 v0x633b2bc212d0_0, 0, 32;
T_0.2 ;
    %load/vec4 v0x633b2bc212d0_0;
    %cmpi/s 4, 0, 32;
    %jmp/0xz T_0.3, 5;
    %load/vec4 v0x633b2bc21230_0;
    %pad/s 2;
    %store/vec4 v0x633b2bc210d0_0, 0, 2;
    %load/vec4 v0x633b2bc212d0_0;
    %pad/s 2;
    %store/vec4 v0x633b2bc21190_0, 0, 2;
    %delay 10, 0;
    %load/vec4 v0x633b2bc212d0_0;
    %addi 1, 0, 32;
    %store/vec4 v0x633b2bc212d0_0, 0, 32;
    %jmp T_0.2;
T_0.3 ;
    %load/vec4 v0x633b2bc21230_0;
    %addi 1, 0, 32;
    %store/vec4 v0x633b2bc21230_0, 0, 32;
    %jmp T_0.0;
T_0.1 ;
    %delay 100, 0;
    %vpi_call 2 21 "$finish" {0 0 0};
    %end;
    .thread T_0;
    .scope S_0x633b2bbf8750;
T_1 ;
    %vpi_call 2 25 "$dumpfile", "waveform.vcd" {0 0 0};
    %vpi_call 2 26 "$dumpvars", 32'sb00000000000000000000000000000000, S_0x633b2bbf8750 {0 0 0};
    %end;
    .thread T_1;
# The file index is used to find the file name in the following table.
:file_names 5;
    "N/A";
    "<interactive>";
    "rtl_tb.v";
    "rtl.v";
    "halfadder.v";
