#! /usr/bin/vvp
:ivl_version "11.0 (stable)";
:ivl_delay_selection "TYPICAL";
:vpi_time_precision + 0;
:vpi_module "/usr/lib/x86_64-linux-gnu/ivl/system.vpi";
:vpi_module "/usr/lib/x86_64-linux-gnu/ivl/vhdl_sys.vpi";
:vpi_module "/usr/lib/x86_64-linux-gnu/ivl/vhdl_textio.vpi";
:vpi_module "/usr/lib/x86_64-linux-gnu/ivl/v2005_math.vpi";
:vpi_module "/usr/lib/x86_64-linux-gnu/ivl/va_math.vpi";
S_0x589c34514750 .scope module, "tb" "tb" 2 1;
 .timescale 0 0;
v0x589c34529680_0 .var "clk", 0 0;
v0x589c34529740_0 .net "out", 0 0, v0x589c34529340_0;  1 drivers
v0x589c34529810_0 .var "rst", 0 0;
v0x589c34529910_0 .var "sel", 1 0;
S_0x589c345148e0 .scope module, "dut" "rtl" 2 8, 3 1 0, S_0x589c34514750;
 .timescale 0 0;
    .port_info 0 /INPUT 1 "clk";
    .port_info 1 /INPUT 1 "rst";
    .port_info 2 /INPUT 2 "sel";
    .port_info 3 /OUTPUT 1 "out";
v0x589c344d9ba0_0 .net "clk", 0 0, v0x589c34529680_0;  1 drivers
v0x589c34529260_0 .var "count", 2 0;
v0x589c34529340_0 .var "out", 0 0;
v0x589c34529410_0 .net "rst", 0 0, v0x589c34529810_0;  1 drivers
v0x589c345294d0_0 .net "sel", 1 0, v0x589c34529910_0;  1 drivers
E_0x589c34510f70 .event edge, v0x589c345294d0_0, v0x589c34529260_0;
E_0x589c34510c70 .event posedge, v0x589c344d9ba0_0;
    .scope S_0x589c345148e0;
T_0 ;
    %wait E_0x589c34510c70;
    %load/vec4 v0x589c34529410_0;
    %flag_set/vec4 8;
    %jmp/0xz  T_0.0, 8;
    %pushi/vec4 0, 0, 3;
    %assign/vec4 v0x589c34529260_0, 0;
    %jmp T_0.1;
T_0.0 ;
    %load/vec4 v0x589c345294d0_0;
    %dup/vec4;
    %pushi/vec4 0, 0, 2;
    %cmp/u;
    %jmp/1 T_0.2, 6;
    %dup/vec4;
    %pushi/vec4 1, 0, 2;
    %cmp/u;
    %jmp/1 T_0.3, 6;
    %dup/vec4;
    %pushi/vec4 2, 0, 2;
    %cmp/u;
    %jmp/1 T_0.4, 6;
    %dup/vec4;
    %pushi/vec4 3, 0, 2;
    %cmp/u;
    %jmp/1 T_0.5, 6;
    %jmp T_0.6;
T_0.2 ;
    %load/vec4 v0x589c34529260_0;
    %pad/u 32;
    %cmpi/e 1, 0, 32;
    %jmp/0xz  T_0.7, 4;
    %pushi/vec4 0, 0, 3;
    %assign/vec4 v0x589c34529260_0, 0;
    %jmp T_0.8;
T_0.7 ;
    %load/vec4 v0x589c34529260_0;
    %addi 1, 0, 3;
    %assign/vec4 v0x589c34529260_0, 0;
T_0.8 ;
    %jmp T_0.6;
T_0.3 ;
    %load/vec4 v0x589c34529260_0;
    %pad/u 32;
    %cmpi/e 4, 0, 32;
    %jmp/0xz  T_0.9, 4;
    %pushi/vec4 0, 0, 3;
    %assign/vec4 v0x589c34529260_0, 0;
    %jmp T_0.10;
T_0.9 ;
    %load/vec4 v0x589c34529260_0;
    %addi 1, 0, 3;
    %assign/vec4 v0x589c34529260_0, 0;
T_0.10 ;
    %jmp T_0.6;
T_0.4 ;
    %load/vec4 v0x589c34529260_0;
    %pad/u 32;
    %cmpi/e 4, 0, 32;
    %jmp/0xz  T_0.11, 4;
    %pushi/vec4 0, 0, 3;
    %assign/vec4 v0x589c34529260_0, 0;
    %jmp T_0.12;
T_0.11 ;
    %load/vec4 v0x589c34529260_0;
    %addi 1, 0, 3;
    %assign/vec4 v0x589c34529260_0, 0;
T_0.12 ;
    %jmp T_0.6;
T_0.5 ;
    %load/vec4 v0x589c34529260_0;
    %pad/u 32;
    %cmpi/e 3, 0, 32;
    %jmp/0xz  T_0.13, 4;
    %pushi/vec4 0, 0, 3;
    %assign/vec4 v0x589c34529260_0, 0;
    %jmp T_0.14;
T_0.13 ;
    %load/vec4 v0x589c34529260_0;
    %addi 1, 0, 3;
    %assign/vec4 v0x589c34529260_0, 0;
T_0.14 ;
    %jmp T_0.6;
T_0.6 ;
    %pop/vec4 1;
T_0.1 ;
    %jmp T_0;
    .thread T_0;
    .scope S_0x589c345148e0;
T_1 ;
    %wait E_0x589c34510f70;
    %load/vec4 v0x589c345294d0_0;
    %dup/vec4;
    %pushi/vec4 0, 0, 2;
    %cmp/u;
    %jmp/1 T_1.0, 6;
    %dup/vec4;
    %pushi/vec4 1, 0, 2;
    %cmp/u;
    %jmp/1 T_1.1, 6;
    %dup/vec4;
    %pushi/vec4 2, 0, 2;
    %cmp/u;
    %jmp/1 T_1.2, 6;
    %dup/vec4;
    %pushi/vec4 3, 0, 2;
    %cmp/u;
    %jmp/1 T_1.3, 6;
    %pushi/vec4 0, 0, 1;
    %store/vec4 v0x589c34529340_0, 0, 1;
    %jmp T_1.5;
T_1.0 ;
    %load/vec4 v0x589c34529260_0;
    %pad/u 32;
    %cmpi/u 1, 0, 32;
    %flag_get/vec4 5;
    %store/vec4 v0x589c34529340_0, 0, 1;
    %jmp T_1.5;
T_1.1 ;
    %load/vec4 v0x589c34529260_0;
    %pad/u 32;
    %cmpi/u 2, 0, 32;
    %flag_get/vec4 5;
    %store/vec4 v0x589c34529340_0, 0, 1;
    %jmp T_1.5;
T_1.2 ;
    %load/vec4 v0x589c34529260_0;
    %pad/u 32;
    %cmpi/u 3, 0, 32;
    %flag_get/vec4 5;
    %store/vec4 v0x589c34529340_0, 0, 1;
    %jmp T_1.5;
T_1.3 ;
    %load/vec4 v0x589c34529260_0;
    %pad/u 32;
    %cmpi/u 2, 0, 32;
    %flag_get/vec4 5;
    %store/vec4 v0x589c34529340_0, 0, 1;
    %jmp T_1.5;
T_1.5 ;
    %pop/vec4 1;
    %jmp T_1;
    .thread T_1, $push;
    .scope S_0x589c34514750;
T_2 ;
    %pushi/vec4 0, 0, 1;
    %store/vec4 v0x589c34529680_0, 0, 1;
T_2.0 ;
    %delay 5, 0;
    %load/vec4 v0x589c34529680_0;
    %inv;
    %store/vec4 v0x589c34529680_0, 0, 1;
    %jmp T_2.0;
    %end;
    .thread T_2;
    .scope S_0x589c34514750;
T_3 ;
    %vpi_call 2 24 "$dumpfile", "wave.vcd" {0 0 0};
    %vpi_call 2 25 "$dumpvars", 32'sb00000000000000000000000000000000, S_0x589c34514750 {0 0 0};
    %pushi/vec4 1, 0, 1;
    %store/vec4 v0x589c34529810_0, 0, 1;
    %pushi/vec4 0, 0, 2;
    %store/vec4 v0x589c34529910_0, 0, 2;
    %delay 20, 0;
    %pushi/vec4 0, 0, 1;
    %store/vec4 v0x589c34529810_0, 0, 1;
    %pushi/vec4 0, 0, 2;
    %store/vec4 v0x589c34529910_0, 0, 2;
    %delay 100, 0;
    %pushi/vec4 1, 0, 2;
    %store/vec4 v0x589c34529910_0, 0, 2;
    %delay 100, 0;
    %pushi/vec4 2, 0, 2;
    %store/vec4 v0x589c34529910_0, 0, 2;
    %delay 100, 0;
    %pushi/vec4 3, 0, 2;
    %store/vec4 v0x589c34529910_0, 0, 2;
    %delay 100, 0;
    %vpi_call 2 49 "$finish" {0 0 0};
    %end;
    .thread T_3;
# The file index is used to find the file name in the following table.
:file_names 4;
    "N/A";
    "<interactive>";
    "rtl_tb.v";
    "rtl.v";
