#! /usr/bin/vvp
:ivl_version "11.0 (stable)";
:ivl_delay_selection "TYPICAL";
:vpi_time_precision + 0;
:vpi_module "/usr/lib/x86_64-linux-gnu/ivl/system.vpi";
:vpi_module "/usr/lib/x86_64-linux-gnu/ivl/vhdl_sys.vpi";
:vpi_module "/usr/lib/x86_64-linux-gnu/ivl/vhdl_textio.vpi";
:vpi_module "/usr/lib/x86_64-linux-gnu/ivl/v2005_math.vpi";
:vpi_module "/usr/lib/x86_64-linux-gnu/ivl/va_math.vpi";
S_0x62bf918c3b80 .scope module, "tb" "tb" 2 1;
 .timescale 0 0;
v0x62bf918da790_0 .var "clk", 0 0;
v0x62bf918da850_0 .var "in", 7 0;
v0x62bf918da8f0_0 .var "ld", 0 0;
v0x62bf918da990_0 .net "out", 7 0, v0x62bf918b19f0_0;  1 drivers
v0x62bf918daa30_0 .var "rst", 0 0;
v0x62bf918dab20_0 .var "up_down", 0 0;
S_0x62bf91888cf0 .scope module, "dut" "rtl" 2 11, 3 1 0, S_0x62bf918c3b80;
 .timescale 0 0;
    .port_info 0 /INPUT 1 "clk";
    .port_info 1 /INPUT 1 "rst";
    .port_info 2 /INPUT 8 "in";
    .port_info 3 /INPUT 1 "ld";
    .port_info 4 /INPUT 1 "up_down";
    .port_info 5 /OUTPUT 8 "out";
v0x62bf918b0f40_0 .net "clk", 0 0, v0x62bf918da790_0;  1 drivers
v0x62bf918b1360_0 .net "in", 7 0, v0x62bf918da850_0;  1 drivers
v0x62bf918b17c0_0 .net "ld", 0 0, v0x62bf918da8f0_0;  1 drivers
v0x62bf918b19f0_0 .var "out", 7 0;
v0x62bf918b1ea0_0 .net "rst", 0 0, v0x62bf918daa30_0;  1 drivers
v0x62bf918b2370_0 .net "up_down", 0 0, v0x62bf918dab20_0;  1 drivers
E_0x62bf918c1be0 .event posedge, v0x62bf918b0f40_0;
    .scope S_0x62bf91888cf0;
T_0 ;
    %wait E_0x62bf918c1be0;
    %load/vec4 v0x62bf918b1ea0_0;
    %flag_set/vec4 8;
    %jmp/0xz  T_0.0, 8;
    %pushi/vec4 0, 0, 8;
    %assign/vec4 v0x62bf918b19f0_0, 0;
    %jmp T_0.1;
T_0.0 ;
    %load/vec4 v0x62bf918b17c0_0;
    %pad/u 32;
    %cmpi/e 1, 0, 32;
    %jmp/0xz  T_0.2, 4;
    %load/vec4 v0x62bf918b1360_0;
    %assign/vec4 v0x62bf918b19f0_0, 0;
    %jmp T_0.3;
T_0.2 ;
    %load/vec4 v0x62bf918b2370_0;
    %pad/u 32;
    %cmpi/e 0, 0, 32;
    %jmp/0xz  T_0.4, 4;
    %load/vec4 v0x62bf918b19f0_0;
    %addi 1, 0, 8;
    %assign/vec4 v0x62bf918b19f0_0, 0;
    %jmp T_0.5;
T_0.4 ;
    %load/vec4 v0x62bf918b2370_0;
    %pad/u 32;
    %cmpi/e 1, 0, 32;
    %jmp/0xz  T_0.6, 4;
    %load/vec4 v0x62bf918b19f0_0;
    %subi 1, 0, 8;
    %assign/vec4 v0x62bf918b19f0_0, 0;
T_0.6 ;
T_0.5 ;
T_0.3 ;
T_0.1 ;
    %jmp T_0;
    .thread T_0;
    .scope S_0x62bf918c3b80;
T_1 ;
    %pushi/vec4 0, 0, 1;
    %store/vec4 v0x62bf918da790_0, 0, 1;
T_1.0 ;
    %delay 5, 0;
    %load/vec4 v0x62bf918da790_0;
    %inv;
    %store/vec4 v0x62bf918da790_0, 0, 1;
    %jmp T_1.0;
    %end;
    .thread T_1;
    .scope S_0x62bf918c3b80;
T_2 ;
    %vpi_call 2 28 "$dumpfile", "counter.vcd" {0 0 0};
    %vpi_call 2 29 "$dumpvars", 32'sb00000000000000000000000000000000, S_0x62bf918c3b80 {0 0 0};
    %pushi/vec4 1, 0, 1;
    %store/vec4 v0x62bf918daa30_0, 0, 1;
    %pushi/vec4 0, 0, 1;
    %store/vec4 v0x62bf918da8f0_0, 0, 1;
    %pushi/vec4 0, 0, 1;
    %store/vec4 v0x62bf918dab20_0, 0, 1;
    %pushi/vec4 0, 0, 8;
    %store/vec4 v0x62bf918da850_0, 0, 8;
    %delay 12, 0;
    %pushi/vec4 0, 0, 1;
    %store/vec4 v0x62bf918daa30_0, 0, 1;
    %wait E_0x62bf918c1be0;
    %pushi/vec4 1, 0, 1;
    %store/vec4 v0x62bf918da8f0_0, 0, 1;
    %pushi/vec4 25, 0, 8;
    %store/vec4 v0x62bf918da850_0, 0, 8;
    %wait E_0x62bf918c1be0;
    %pushi/vec4 0, 0, 1;
    %store/vec4 v0x62bf918da8f0_0, 0, 1;
    %pushi/vec4 0, 0, 1;
    %store/vec4 v0x62bf918dab20_0, 0, 1;
    %pushi/vec4 5, 0, 32;
T_2.0 %dup/vec4;
    %pushi/vec4 0, 0, 32;
    %cmp/s;
    %jmp/1xz T_2.1, 5;
    %jmp/1 T_2.1, 4;
    %pushi/vec4 1, 0, 32;
    %sub;
    %wait E_0x62bf918c1be0;
    %jmp T_2.0;
T_2.1 ;
    %pop/vec4 1;
    %pushi/vec4 1, 0, 1;
    %store/vec4 v0x62bf918dab20_0, 0, 1;
    %pushi/vec4 5, 0, 32;
T_2.2 %dup/vec4;
    %pushi/vec4 0, 0, 32;
    %cmp/s;
    %jmp/1xz T_2.3, 5;
    %jmp/1 T_2.3, 4;
    %pushi/vec4 1, 0, 32;
    %sub;
    %wait E_0x62bf918c1be0;
    %jmp T_2.2;
T_2.3 ;
    %pop/vec4 1;
    %wait E_0x62bf918c1be0;
    %pushi/vec4 1, 0, 1;
    %store/vec4 v0x62bf918da8f0_0, 0, 1;
    %pushi/vec4 250, 0, 8;
    %store/vec4 v0x62bf918da850_0, 0, 8;
    %wait E_0x62bf918c1be0;
    %pushi/vec4 0, 0, 1;
    %store/vec4 v0x62bf918da8f0_0, 0, 1;
    %pushi/vec4 1, 0, 1;
    %store/vec4 v0x62bf918dab20_0, 0, 1;
    %pushi/vec4 3, 0, 32;
T_2.4 %dup/vec4;
    %pushi/vec4 0, 0, 32;
    %cmp/s;
    %jmp/1xz T_2.5, 5;
    %jmp/1 T_2.5, 4;
    %pushi/vec4 1, 0, 32;
    %sub;
    %wait E_0x62bf918c1be0;
    %jmp T_2.4;
T_2.5 ;
    %pop/vec4 1;
    %delay 200, 0;
    %vpi_call 2 69 "$finish" {0 0 0};
    %end;
    .thread T_2;
# The file index is used to find the file name in the following table.
:file_names 4;
    "N/A";
    "<interactive>";
    "rtl_tb.v";
    "rtl.v";
